Using pre-set license
Built from '2021.1/release' branch; Version is '2021.1.0f1 (61a549675243) revision 6399305'; Using compiler version '192528614'; Build Type 'Release'
OS: 'Windows 10 Home; OS build 19042.867; Version 2009; 64bit' Language: 'en' Physical Memory: 32714 MB
BatchMode: 1, IsHumanControllingUs: 0, StartBugReporterOnCrash: 0, Is64bit: 1, IsPro: 0

 COMMAND LINE ARGUMENTS:
C:\Program Files\Unity\Hub\Editor\2021.1.0f1\Editor\Unity.exe
-adb2
-batchMode
-noUpm
-name
AssetImportWorker0
-projectPath
C:/Users/Aditya Oka/Documents/GitHub/BuildABridgeSimulator
-logFile
Logs/AssetImportWorker0.log
-srvPort
<<<<<<< Updated upstream
57599
Successfully changed project path to: C:/Users/Aditya Oka/Documents/GitHub/BuildABridgeSimulator
C:/Users/Aditya Oka/Documents/GitHub/BuildABridgeSimulator
Using Asset Import Pipeline V2.
Refreshing native plugins compatible for Editor in 15.32 ms, found 0 plugins.
=======
52481
Successfully changed project path to: C:/Users/Chris/Documents/GitHub/BuildABridgeSimulator
C:/Users/Chris/Documents/GitHub/BuildABridgeSimulator
Using Asset Import Pipeline V2.
Refreshing native plugins compatible for Editor in 28.70 ms, found 0 plugins.
>>>>>>> Stashed changes
Preloading 0 native plugins for Editor in 0.00 ms.
Initialize engine version: 2021.1.0f1 (61a549675243)
[Subsystems] Discovering subsystems at path C:/Program Files/Unity/Hub/Editor/2021.1.0f1/Editor/Data/Resources/UnitySubsystems
[Subsystems] Discovering subsystems at path C:/Users/Aditya Oka/Documents/GitHub/BuildABridgeSimulator/Assets
GfxDevice: creating device client; threaded=0; jobified=0
Direct3D:
    Version:  Direct3D 11.0 [level 11.1]
    Renderer: NVIDIA GeForce RTX 3080 (ID=0x2206)
    Vendor:   NVIDIA
    VRAM:     10077 MB
    Driver:   27.21.14.6109
Initialize mono
Mono path[0] = 'C:/Program Files/Unity/Hub/Editor/2021.1.0f1/Editor/Data/Managed'
Mono path[1] = 'C:/Program Files/Unity/Hub/Editor/2021.1.0f1/Editor/Data/MonoBleedingEdge/lib/mono/unityjit'
Mono config path = 'C:/Program Files/Unity/Hub/Editor/2021.1.0f1/Editor/Data/MonoBleedingEdge/etc'
<<<<<<< Updated upstream
Using monoOptions --debugger-agent=transport=dt_socket,embedding=1,server=y,suspend=n,address=127.0.0.1:56304
=======
Using monoOptions --debugger-agent=transport=dt_socket,embedding=1,server=y,suspend=n,address=127.0.0.1:56756
>>>>>>> Stashed changes
Begin MonoManager ReloadAssembly
Registering precompiled unity dll's ...
Register platform support module: C:/Program Files/Unity/Hub/Editor/2021.1.0f1/Editor/Data/PlaybackEngines/WebGLSupport/UnityEditor.WebGL.Extensions.dll
Register platform support module: C:/Program Files/Unity/Hub/Editor/2021.1.0f1/Editor/Data/PlaybackEngines/WindowsStandaloneSupport/UnityEditor.WindowsStandalone.Extensions.dll
<<<<<<< Updated upstream
Registered in 0.001487 seconds.
Native extension for WindowsStandalone target not found
Native extension for WebGL target not found
Refreshing native plugins compatible for Editor in 15.26 ms, found 0 plugins.
Preloading 0 native plugins for Editor in 0.00 ms.
Mono: successfully reloaded assembly
- Completed reload, in  0.794 seconds
Platform modules already initialized, skipping
Registering precompiled user dll's ...
Registered in 0.000430 seconds.
Begin MonoManager ReloadAssembly
Native extension for WindowsStandalone target not found
Native extension for WebGL target not found
Refreshing native plugins compatible for Editor in 0.18 ms, found 0 plugins.
Preloading 0 native plugins for Editor in 0.00 ms.
Mono: successfully reloaded assembly
- Completed reload, in  0.497 seconds
Platform modules already initialized, skipping
========================================================================
Worker process is ready to serve import requests
Launched and connected shader compiler UnityShaderCompiler.exe after 0.02 seconds
Refreshing native plugins compatible for Editor in 0.17 ms, found 0 plugins.
=======
Registered in 0.003380 seconds.
Native extension for WindowsStandalone target not found
Native extension for WebGL target not found
Refreshing native plugins compatible for Editor in 28.51 ms, found 0 plugins.
Preloading 0 native plugins for Editor in 0.00 ms.
Mono: successfully reloaded assembly
- Completed reload, in  1.740 seconds
Platform modules already initialized, skipping
Registering precompiled user dll's ...
Registered in 0.001198 seconds.
Begin MonoManager ReloadAssembly
Native extension for WindowsStandalone target not found
Native extension for WebGL target not found
Refreshing native plugins compatible for Editor in 0.25 ms, found 0 plugins.
Preloading 0 native plugins for Editor in 0.00 ms.
Mono: successfully reloaded assembly
- Completed reload, in  1.080 seconds
Platform modules already initialized, skipping
========================================================================
Worker process is ready to serve import requests
Launched and connected shader compiler UnityShaderCompiler.exe after 0.05 seconds
Refreshing native plugins compatible for Editor in 0.31 ms, found 0 plugins.
>>>>>>> Stashed changes
Preloading 0 native plugins for Editor in 0.00 ms.
Unloading 1126 Unused Serialized files (Serialized files now loaded: 0)
System memory in use before: 58.2 MB.
System memory in use after: 58.3 MB.

Unloading 9 unused Assets to reduce memory usage. Loaded Objects now: 1584.
<<<<<<< Updated upstream
Total: 1.395600 ms (FindLiveObjects: 0.079300 ms CreateObjectMapping: 0.025900 ms MarkObjects: 1.259400 ms  DeleteObjects: 0.030200 ms)

========================================================================
Received Import Request.
  path: Assets/Scenes/BuildScene.unity
  artifactKey: Guid(9fc0d4010bbf28b4594072e72b8655ab) Importer(815301076,1909f56bfc062723c751e8b465ee728b)
Start importing Assets/Scenes/BuildScene.unity using Guid(9fc0d4010bbf28b4594072e72b8655ab) Importer(815301076,1909f56bfc062723c751e8b465ee728b)  -> (artifact id: '17160007df87332d6e2799c25b8d26cd') in 0.009845 seconds 
========================================================================
Received Prepare
Registering precompiled user dll's ...
Registered in 0.000401 seconds.
Begin MonoManager ReloadAssembly
Native extension for WindowsStandalone target not found
Native extension for WebGL target not found
Refreshing native plugins compatible for Editor in 0.18 ms, found 0 plugins.
Preloading 0 native plugins for Editor in 0.00 ms.
Mono: successfully reloaded assembly
- Completed reload, in  0.463 seconds
Platform modules already initialized, skipping
Refreshing native plugins compatible for Editor in 0.17 ms, found 0 plugins.
Preloading 0 native plugins for Editor in 0.00 ms.
Unloading 1120 Unused Serialized files (Serialized files now loaded: 0)
System memory in use before: 58.1 MB.
System memory in use after: 58.2 MB.

Unloading 4 unused Assets to reduce memory usage. Loaded Objects now: 1587.
Total: 1.312000 ms (FindLiveObjects: 0.081000 ms CreateObjectMapping: 0.026100 ms MarkObjects: 1.195100 ms  DeleteObjects: 0.009200 ms)

========================================================================
Received Import Request.
  Time since last request: 240.274573 seconds.
  path: Assets/Scripts/CarTest.cs
  artifactKey: Guid(338cc0ccbab019b4fa3d4c80d616d5b1) Importer(815301076,1909f56bfc062723c751e8b465ee728b)
Start importing Assets/Scripts/CarTest.cs using Guid(338cc0ccbab019b4fa3d4c80d616d5b1) Importer(815301076,1909f56bfc062723c751e8b465ee728b)  -> (artifact id: '5e3a25319d861290a2598c1ee635ade3') in 0.016677 seconds 
========================================================================
Received Prepare
Registering precompiled user dll's ...
Registered in 0.000377 seconds.
Begin MonoManager ReloadAssembly
Native extension for WindowsStandalone target not found
Native extension for WebGL target not found
Refreshing native plugins compatible for Editor in 0.18 ms, found 0 plugins.
Preloading 0 native plugins for Editor in 0.00 ms.
Mono: successfully reloaded assembly
- Completed reload, in  0.463 seconds
Platform modules already initialized, skipping
Refreshing native plugins compatible for Editor in 0.17 ms, found 0 plugins.
Preloading 0 native plugins for Editor in 0.00 ms.
Unloading 1121 Unused Serialized files (Serialized files now loaded: 0)
System memory in use before: 58.1 MB.
System memory in use after: 58.2 MB.

Unloading 4 unused Assets to reduce memory usage. Loaded Objects now: 1591.
Total: 1.335600 ms (FindLiveObjects: 0.079900 ms CreateObjectMapping: 0.024800 ms MarkObjects: 1.222600 ms  DeleteObjects: 0.007600 ms)

========================================================================
Received Prepare
Registering precompiled user dll's ...
Registered in 0.000398 seconds.
Begin MonoManager ReloadAssembly
Native extension for WindowsStandalone target not found
Native extension for WebGL target not found
Refreshing native plugins compatible for Editor in 0.18 ms, found 0 plugins.
Preloading 0 native plugins for Editor in 0.00 ms.
Mono: successfully reloaded assembly
- Completed reload, in  0.470 seconds
Platform modules already initialized, skipping
Refreshing native plugins compatible for Editor in 0.15 ms, found 0 plugins.
Preloading 0 native plugins for Editor in 0.00 ms.
Unloading 1121 Unused Serialized files (Serialized files now loaded: 0)
System memory in use before: 58.2 MB.
System memory in use after: 58.3 MB.

Unloading 4 unused Assets to reduce memory usage. Loaded Objects now: 1594.
Total: 1.212100 ms (FindLiveObjects: 0.079900 ms CreateObjectMapping: 0.024300 ms MarkObjects: 1.100000 ms  DeleteObjects: 0.007200 ms)

========================================================================
Received Import Request.
  Time since last request: 352.034337 seconds.
  path: Assets/Scripts/CarTest.cs
  artifactKey: Guid(338cc0ccbab019b4fa3d4c80d616d5b1) Importer(815301076,1909f56bfc062723c751e8b465ee728b)
Start importing Assets/Scripts/CarTest.cs using Guid(338cc0ccbab019b4fa3d4c80d616d5b1) Importer(815301076,1909f56bfc062723c751e8b465ee728b)  -> (artifact id: 'd563801028c4f384dd7f1d907e8cd2fe') in 0.005313 seconds 
========================================================================
Received Import Request.
  Time since last request: 941.921887 seconds.
  path: Assets/Scripts/CameraController.cs
  artifactKey: Guid(241cbef1fe0b61740823eba6da11a6bd) Importer(815301076,1909f56bfc062723c751e8b465ee728b)
Start importing Assets/Scripts/CameraController.cs using Guid(241cbef1fe0b61740823eba6da11a6bd) Importer(815301076,1909f56bfc062723c751e8b465ee728b)  -> (artifact id: 'd3f0ecfb21edb9c1a1be31fdc58d9f61') in 0.004372 seconds 
========================================================================
Received Prepare
Registering precompiled user dll's ...
Registered in 0.000389 seconds.
Begin MonoManager ReloadAssembly
Native extension for WindowsStandalone target not found
Native extension for WebGL target not found
Refreshing native plugins compatible for Editor in 0.18 ms, found 0 plugins.
Preloading 0 native plugins for Editor in 0.00 ms.
Mono: successfully reloaded assembly
- Completed reload, in  0.482 seconds
Platform modules already initialized, skipping
Refreshing native plugins compatible for Editor in 0.15 ms, found 0 plugins.
Preloading 0 native plugins for Editor in 0.00 ms.
Unloading 1121 Unused Serialized files (Serialized files now loaded: 0)
System memory in use before: 58.2 MB.
System memory in use after: 58.3 MB.

Unloading 4 unused Assets to reduce memory usage. Loaded Objects now: 1597.
Total: 1.317800 ms (FindLiveObjects: 0.085200 ms CreateObjectMapping: 0.027000 ms MarkObjects: 1.196800 ms  DeleteObjects: 0.008000 ms)
=======
Total: 2.096800 ms (FindLiveObjects: 0.173000 ms CreateObjectMapping: 0.036100 ms MarkObjects: 1.822800 ms  DeleteObjects: 0.063700 ms)

========================================================================
Received Import Request.
  path: Assets/Scenes/MenuScene.unity
  artifactKey: Guid(78f0b7a74f608034cb3e419fddc0871b) Importer(815301076,1909f56bfc062723c751e8b465ee728b)
Start importing Assets/Scenes/MenuScene.unity using Guid(78f0b7a74f608034cb3e419fddc0871b) Importer(815301076,1909f56bfc062723c751e8b465ee728b)  -> (artifact id: '811143db4bb80b0a004c40943bab9837') in 0.020438 seconds 
========================================================================
Received Import Request.
  Time since last request: 0.000186 seconds.
  path: Assets/Scenes/BuildScene.unity
  artifactKey: Guid(9fc0d4010bbf28b4594072e72b8655ab) Importer(815301076,1909f56bfc062723c751e8b465ee728b)
Start importing Assets/Scenes/BuildScene.unity using Guid(9fc0d4010bbf28b4594072e72b8655ab) Importer(815301076,1909f56bfc062723c751e8b465ee728b)  -> (artifact id: 'cdbb1c03ab73489865074241a9959e63') in 0.008803 seconds 
========================================================================
Received Import Request.
  Time since last request: 335.769159 seconds.
  path: Assets/Scripts/MainMenu.cs
  artifactKey: Guid(805897a2e4360844dac772269899722c) Importer(815301076,1909f56bfc062723c751e8b465ee728b)
Start importing Assets/Scripts/MainMenu.cs using Guid(805897a2e4360844dac772269899722c) Importer(815301076,1909f56bfc062723c751e8b465ee728b)  -> (artifact id: 'a643e1bf34eeeabaeb1ba1312364ddbd') in 0.034553 seconds 
========================================================================
Received Prepare
Registering precompiled user dll's ...
Registered in 0.001265 seconds.
Begin MonoManager ReloadAssembly
Native extension for WindowsStandalone target not found
Native extension for WebGL target not found
Refreshing native plugins compatible for Editor in 0.25 ms, found 0 plugins.
Preloading 0 native plugins for Editor in 0.00 ms.
Mono: successfully reloaded assembly
- Completed reload, in  1.026 seconds
Platform modules already initialized, skipping
Refreshing native plugins compatible for Editor in 0.29 ms, found 0 plugins.
Preloading 0 native plugins for Editor in 0.00 ms.
Unloading 1120 Unused Serialized files (Serialized files now loaded: 0)
System memory in use before: 58.1 MB.
System memory in use after: 58.2 MB.

Unloading 4 unused Assets to reduce memory usage. Loaded Objects now: 1587.
Total: 2.462300 ms (FindLiveObjects: 0.204100 ms CreateObjectMapping: 0.035200 ms MarkObjects: 2.200400 ms  DeleteObjects: 0.020800 ms)

========================================================================
Received Import Request.
  Time since last request: 750.214088 seconds.
  path: Assets/Materials
  artifactKey: Guid(a951c2493ef16a94bb6de3cc60bb40f8) Importer(815301076,1909f56bfc062723c751e8b465ee728b)
Start importing Assets/Materials using Guid(a951c2493ef16a94bb6de3cc60bb40f8) Importer(815301076,1909f56bfc062723c751e8b465ee728b)  -> (artifact id: 'cc48e7a87a283ff4eddd2a06e06d2dbf') in 0.012733 seconds 
========================================================================
Received Import Request.
  Time since last request: 19.817736 seconds.
  path: Assets/Materials/constructionstripe.jpg
  artifactKey: Guid(9a6a7aa673d21df4094ed11ff0504be6) Importer(815301076,1909f56bfc062723c751e8b465ee728b)
Start importing Assets/Materials/constructionstripe.jpg using Guid(9a6a7aa673d21df4094ed11ff0504be6) Importer(815301076,1909f56bfc062723c751e8b465ee728b)  -> (artifact id: '417fe0febcbfa8fa0d53e89ef16c159a') in 0.127814 seconds 
========================================================================
Received Import Request.
  Time since last request: 486.997592 seconds.
  path: Assets/Materials/constructionstripe.jpg
  artifactKey: Guid(9a6a7aa673d21df4094ed11ff0504be6) Importer(815301076,1909f56bfc062723c751e8b465ee728b)
Start importing Assets/Materials/constructionstripe.jpg using Guid(9a6a7aa673d21df4094ed11ff0504be6) Importer(815301076,1909f56bfc062723c751e8b465ee728b)  -> (artifact id: 'b03244a0dbfca0a46b608046ba44c2a8') in 0.066470 seconds 
========================================================================
Received Import Request.
  Time since last request: 398.301763 seconds.
  path: Assets/Scenes/BuildScene.unity
  artifactKey: Guid(9fc0d4010bbf28b4594072e72b8655ab) Importer(815301076,1909f56bfc062723c751e8b465ee728b)
Start importing Assets/Scenes/BuildScene.unity using Guid(9fc0d4010bbf28b4594072e72b8655ab) Importer(815301076,1909f56bfc062723c751e8b465ee728b)  -> (artifact id: '363b1ff1b65f275639d6881c0fd37298') in 0.008635 seconds 
========================================================================
Received Import Request.
  Time since last request: 1008.391129 seconds.
  path: Assets/Scripts/MenuManager.cs
  artifactKey: Guid(805897a2e4360844dac772269899722c) Importer(815301076,1909f56bfc062723c751e8b465ee728b)
Start importing Assets/Scripts/MenuManager.cs using Guid(805897a2e4360844dac772269899722c) Importer(815301076,1909f56bfc062723c751e8b465ee728b)  -> (artifact id: '7dfb9801200485bd89fe6353551e54c2') in 0.010095 seconds 
========================================================================
Received Prepare
Registering precompiled user dll's ...
Registered in 0.000836 seconds.
Begin MonoManager ReloadAssembly
Native extension for WindowsStandalone target not found
Native extension for WebGL target not found
Refreshing native plugins compatible for Editor in 0.27 ms, found 0 plugins.
Preloading 0 native plugins for Editor in 0.00 ms.
Mono: successfully reloaded assembly
- Completed reload, in  1.013 seconds
Platform modules already initialized, skipping
Refreshing native plugins compatible for Editor in 0.26 ms, found 0 plugins.
Preloading 0 native plugins for Editor in 0.00 ms.
Unloading 1121 Unused Serialized files (Serialized files now loaded: 0)
System memory in use before: 63.4 MB.
System memory in use after: 63.5 MB.

Unloading 4 unused Assets to reduce memory usage. Loaded Objects now: 1626.
Total: 2.060200 ms (FindLiveObjects: 0.157900 ms CreateObjectMapping: 0.037600 ms MarkObjects: 1.847000 ms  DeleteObjects: 0.016500 ms)
>>>>>>> Stashed changes

========================================================================
Received Prepare
Registering precompiled user dll's ...
<<<<<<< Updated upstream
Registered in 0.000350 seconds.
Begin MonoManager ReloadAssembly
Native extension for WindowsStandalone target not found
Native extension for WebGL target not found
Refreshing native plugins compatible for Editor in 0.19 ms, found 0 plugins.
Preloading 0 native plugins for Editor in 0.00 ms.
Mono: successfully reloaded assembly
- Completed reload, in  0.477 seconds
Platform modules already initialized, skipping
Refreshing native plugins compatible for Editor in 0.17 ms, found 0 plugins.
Preloading 0 native plugins for Editor in 0.00 ms.
Unloading 1121 Unused Serialized files (Serialized files now loaded: 0)
System memory in use before: 58.2 MB.
System memory in use after: 58.3 MB.

Unloading 4 unused Assets to reduce memory usage. Loaded Objects now: 1600.
Total: 1.347900 ms (FindLiveObjects: 0.106200 ms CreateObjectMapping: 0.033800 ms MarkObjects: 1.198400 ms  DeleteObjects: 0.008800 ms)

========================================================================
Received Prepare
Registering precompiled user dll's ...
Registered in 0.000473 seconds.
Begin MonoManager ReloadAssembly
Native extension for WindowsStandalone target not found
Native extension for WebGL target not found
Refreshing native plugins compatible for Editor in 0.19 ms, found 0 plugins.
Preloading 0 native plugins for Editor in 0.00 ms.
Mono: successfully reloaded assembly
- Completed reload, in  0.468 seconds
Platform modules already initialized, skipping
Refreshing native plugins compatible for Editor in 0.14 ms, found 0 plugins.
Preloading 0 native plugins for Editor in 0.00 ms.
Unloading 1121 Unused Serialized files (Serialized files now loaded: 0)
System memory in use before: 58.2 MB.
System memory in use after: 58.3 MB.

Unloading 4 unused Assets to reduce memory usage. Loaded Objects now: 1603.
Total: 1.258300 ms (FindLiveObjects: 0.095100 ms CreateObjectMapping: 0.025100 ms MarkObjects: 1.130100 ms  DeleteObjects: 0.007300 ms)

========================================================================
Received Prepare
Registering precompiled user dll's ...
Registered in 0.000354 seconds.
Begin MonoManager ReloadAssembly
Native extension for WindowsStandalone target not found
Native extension for WebGL target not found
Refreshing native plugins compatible for Editor in 0.18 ms, found 0 plugins.
Preloading 0 native plugins for Editor in 0.00 ms.
Mono: successfully reloaded assembly
- Completed reload, in  0.456 seconds
Platform modules already initialized, skipping
Refreshing native plugins compatible for Editor in 0.16 ms, found 0 plugins.
Preloading 0 native plugins for Editor in 0.00 ms.
Unloading 1121 Unused Serialized files (Serialized files now loaded: 0)
System memory in use before: 58.2 MB.
System memory in use after: 58.3 MB.

Unloading 4 unused Assets to reduce memory usage. Loaded Objects now: 1606.
Total: 1.320500 ms (FindLiveObjects: 0.082600 ms CreateObjectMapping: 0.024600 ms MarkObjects: 1.204700 ms  DeleteObjects: 0.008000 ms)

========================================================================
Received Prepare
Registering precompiled user dll's ...
Registered in 0.000390 seconds.
=======
Registered in 0.000858 seconds.
Begin MonoManager ReloadAssembly
Native extension for WindowsStandalone target not found
Native extension for WebGL target not found
Refreshing native plugins compatible for Editor in 0.38 ms, found 0 plugins.
Preloading 0 native plugins for Editor in 0.00 ms.
Mono: successfully reloaded assembly
- Completed reload, in  1.231 seconds
Platform modules already initialized, skipping
Refreshing native plugins compatible for Editor in 0.39 ms, found 0 plugins.
Preloading 0 native plugins for Editor in 0.00 ms.
Unloading 1120 Unused Serialized files (Serialized files now loaded: 0)
System memory in use before: 63.3 MB.
System memory in use after: 63.4 MB.

Unloading 4 unused Assets to reduce memory usage. Loaded Objects now: 1629.
Total: 3.543000 ms (FindLiveObjects: 0.280200 ms CreateObjectMapping: 0.049400 ms MarkObjects: 3.192000 ms  DeleteObjects: 0.019700 ms)

========================================================================
Received Import Request.
  Time since last request: 246.399523 seconds.
  path: Assets/Scripts/BuildMenu.cs
  artifactKey: Guid(f1e79c57d7957234795e5f8905b0ecc3) Importer(815301076,1909f56bfc062723c751e8b465ee728b)
Start importing Assets/Scripts/BuildMenu.cs using Guid(f1e79c57d7957234795e5f8905b0ecc3) Importer(815301076,1909f56bfc062723c751e8b465ee728b)  -> (artifact id: '006e1f05db35cc8154b7dd48b5a9b58e') in 0.011727 seconds 
========================================================================
Received Prepare
Registering precompiled user dll's ...
Registered in 0.000899 seconds.
>>>>>>> Stashed changes
Begin MonoManager ReloadAssembly
Native extension for WindowsStandalone target not found
Native extension for WebGL target not found
Refreshing native plugins compatible for Editor in 0.18 ms, found 0 plugins.
Preloading 0 native plugins for Editor in 0.00 ms.
Mono: successfully reloaded assembly
<<<<<<< Updated upstream
- Completed reload, in  0.468 seconds
Platform modules already initialized, skipping
Refreshing native plugins compatible for Editor in 0.16 ms, found 0 plugins.
Preloading 0 native plugins for Editor in 0.00 ms.
Unloading 1121 Unused Serialized files (Serialized files now loaded: 0)
System memory in use before: 58.2 MB.
System memory in use after: 58.3 MB.

Unloading 4 unused Assets to reduce memory usage. Loaded Objects now: 1609.
Total: 1.360000 ms (FindLiveObjects: 0.083500 ms CreateObjectMapping: 0.026800 ms MarkObjects: 1.241800 ms  DeleteObjects: 0.007300 ms)

========================================================================
Received Prepare
Registering precompiled user dll's ...
Registered in 0.000365 seconds.
Begin MonoManager ReloadAssembly
Native extension for WindowsStandalone target not found
Native extension for WebGL target not found
Refreshing native plugins compatible for Editor in 0.18 ms, found 0 plugins.
Preloading 0 native plugins for Editor in 0.00 ms.
Mono: successfully reloaded assembly
- Completed reload, in  0.475 seconds
Platform modules already initialized, skipping
Refreshing native plugins compatible for Editor in 0.17 ms, found 0 plugins.
Preloading 0 native plugins for Editor in 0.00 ms.
Unloading 1121 Unused Serialized files (Serialized files now loaded: 0)
System memory in use before: 58.2 MB.
System memory in use after: 58.3 MB.

Unloading 4 unused Assets to reduce memory usage. Loaded Objects now: 1612.
Total: 1.322200 ms (FindLiveObjects: 0.088400 ms CreateObjectMapping: 0.026800 ms MarkObjects: 1.198400 ms  DeleteObjects: 0.007900 ms)

========================================================================
Received Prepare
Registering precompiled user dll's ...
Registered in 0.000336 seconds.
Begin MonoManager ReloadAssembly
Native extension for WindowsStandalone target not found
Native extension for WebGL target not found
Refreshing native plugins compatible for Editor in 0.18 ms, found 0 plugins.
Preloading 0 native plugins for Editor in 0.00 ms.
Mono: successfully reloaded assembly
- Completed reload, in  0.470 seconds
Platform modules already initialized, skipping
Refreshing native plugins compatible for Editor in 0.18 ms, found 0 plugins.
Preloading 0 native plugins for Editor in 0.00 ms.
Unloading 1121 Unused Serialized files (Serialized files now loaded: 0)
System memory in use before: 58.2 MB.
System memory in use after: 58.3 MB.

Unloading 4 unused Assets to reduce memory usage. Loaded Objects now: 1615.
Total: 1.213200 ms (FindLiveObjects: 0.103600 ms CreateObjectMapping: 0.021800 ms MarkObjects: 1.078600 ms  DeleteObjects: 0.008700 ms)

========================================================================
Received Prepare
Registering precompiled user dll's ...
Registered in 0.000365 seconds.
Begin MonoManager ReloadAssembly
Native extension for WindowsStandalone target not found
Native extension for WebGL target not found
Refreshing native plugins compatible for Editor in 0.19 ms, found 0 plugins.
Preloading 0 native plugins for Editor in 0.00 ms.
Mono: successfully reloaded assembly
- Completed reload, in  0.463 seconds
Platform modules already initialized, skipping
Refreshing native plugins compatible for Editor in 0.16 ms, found 0 plugins.
Preloading 0 native plugins for Editor in 0.00 ms.
Unloading 1121 Unused Serialized files (Serialized files now loaded: 0)
System memory in use before: 58.2 MB.
System memory in use after: 58.3 MB.

Unloading 4 unused Assets to reduce memory usage. Loaded Objects now: 1618.
Total: 1.235600 ms (FindLiveObjects: 0.097100 ms CreateObjectMapping: 0.026500 ms MarkObjects: 1.103300 ms  DeleteObjects: 0.007800 ms)

========================================================================
Received Prepare
Registering precompiled user dll's ...
Registered in 0.000348 seconds.
Begin MonoManager ReloadAssembly
Native extension for WindowsStandalone target not found
Native extension for WebGL target not found
Refreshing native plugins compatible for Editor in 0.17 ms, found 0 plugins.
Preloading 0 native plugins for Editor in 0.00 ms.
Mono: successfully reloaded assembly
- Completed reload, in  0.477 seconds
Platform modules already initialized, skipping
Refreshing native plugins compatible for Editor in 0.15 ms, found 0 plugins.
Preloading 0 native plugins for Editor in 0.00 ms.
Unloading 1121 Unused Serialized files (Serialized files now loaded: 0)
System memory in use before: 58.2 MB.
System memory in use after: 58.3 MB.

Unloading 4 unused Assets to reduce memory usage. Loaded Objects now: 1621.
Total: 1.355400 ms (FindLiveObjects: 0.092900 ms CreateObjectMapping: 0.029900 ms MarkObjects: 1.224000 ms  DeleteObjects: 0.007900 ms)

========================================================================
Received Prepare
Registering precompiled user dll's ...
Registered in 0.000354 seconds.
Begin MonoManager ReloadAssembly
Native extension for WindowsStandalone target not found
Native extension for WebGL target not found
Refreshing native plugins compatible for Editor in 0.18 ms, found 0 plugins.
Preloading 0 native plugins for Editor in 0.00 ms.
Mono: successfully reloaded assembly
- Completed reload, in  0.467 seconds
Platform modules already initialized, skipping
Refreshing native plugins compatible for Editor in 0.14 ms, found 0 plugins.
Preloading 0 native plugins for Editor in 0.00 ms.
Unloading 1121 Unused Serialized files (Serialized files now loaded: 0)
System memory in use before: 58.2 MB.
System memory in use after: 58.3 MB.

Unloading 4 unused Assets to reduce memory usage. Loaded Objects now: 1624.
Total: 1.420700 ms (FindLiveObjects: 0.092900 ms CreateObjectMapping: 0.025500 ms MarkObjects: 1.293500 ms  DeleteObjects: 0.007900 ms)

========================================================================
Received Prepare
Registering precompiled user dll's ...
Registered in 0.000364 seconds.
Begin MonoManager ReloadAssembly
Native extension for WindowsStandalone target not found
Native extension for WebGL target not found
Refreshing native plugins compatible for Editor in 0.18 ms, found 0 plugins.
Preloading 0 native plugins for Editor in 0.00 ms.
Mono: successfully reloaded assembly
- Completed reload, in  0.464 seconds
=======
- Completed reload, in  1.032 seconds
Platform modules already initialized, skipping
Refreshing native plugins compatible for Editor in 0.27 ms, found 0 plugins.
Preloading 0 native plugins for Editor in 0.00 ms.
Unloading 1121 Unused Serialized files (Serialized files now loaded: 0)
System memory in use before: 63.4 MB.
System memory in use after: 63.5 MB.

Unloading 4 unused Assets to reduce memory usage. Loaded Objects now: 1633.
Total: 2.472900 ms (FindLiveObjects: 0.224300 ms CreateObjectMapping: 0.036200 ms MarkObjects: 2.192900 ms  DeleteObjects: 0.018000 ms)

========================================================================
Received Prepare
Registering precompiled user dll's ...
Registered in 0.000813 seconds.
Begin MonoManager ReloadAssembly
Native extension for WindowsStandalone target not found
Native extension for WebGL target not found
Refreshing native plugins compatible for Editor in 0.26 ms, found 0 plugins.
Preloading 0 native plugins for Editor in 0.00 ms.
Mono: successfully reloaded assembly
- Completed reload, in  0.971 seconds
Platform modules already initialized, skipping
Refreshing native plugins compatible for Editor in 0.26 ms, found 0 plugins.
Preloading 0 native plugins for Editor in 0.00 ms.
Unloading 1121 Unused Serialized files (Serialized files now loaded: 0)
System memory in use before: 63.4 MB.
System memory in use after: 63.5 MB.

Unloading 4 unused Assets to reduce memory usage. Loaded Objects now: 1636.
Total: 2.095900 ms (FindLiveObjects: 0.214000 ms CreateObjectMapping: 0.034200 ms MarkObjects: 1.833300 ms  DeleteObjects: 0.013200 ms)

========================================================================
Received Import Request.
  Time since last request: 825.145712 seconds.
  path: Assets/Scripts/BuildMenu.cs
  artifactKey: Guid(f1e79c57d7957234795e5f8905b0ecc3) Importer(815301076,1909f56bfc062723c751e8b465ee728b)
Start importing Assets/Scripts/BuildMenu.cs using Guid(f1e79c57d7957234795e5f8905b0ecc3) Importer(815301076,1909f56bfc062723c751e8b465ee728b)  -> (artifact id: 'de78159e4f27b86e9d0751d987dad555') in 0.007003 seconds 
========================================================================
Received Import Request.
  Time since last request: 159.924547 seconds.
  path: Assets/Scripts/WoodBeam.cs
  artifactKey: Guid(e737eca8ff0a6e940963e8ade9c0ea88) Importer(815301076,1909f56bfc062723c751e8b465ee728b)
Start importing Assets/Scripts/WoodBeam.cs using Guid(e737eca8ff0a6e940963e8ade9c0ea88) Importer(815301076,1909f56bfc062723c751e8b465ee728b)  -> (artifact id: 'b5bee40b960dcc62b9deb8c076e29b52') in 0.009698 seconds 
========================================================================
Received Prepare
Registering precompiled user dll's ...
Registered in 0.000898 seconds.
Begin MonoManager ReloadAssembly
Native extension for WindowsStandalone target not found
Native extension for WebGL target not found
Refreshing native plugins compatible for Editor in 0.28 ms, found 0 plugins.
Preloading 0 native plugins for Editor in 0.00 ms.
Mono: successfully reloaded assembly
- Completed reload, in  1.033 seconds
Platform modules already initialized, skipping
Refreshing native plugins compatible for Editor in 0.26 ms, found 0 plugins.
Preloading 0 native plugins for Editor in 0.00 ms.
Unloading 1122 Unused Serialized files (Serialized files now loaded: 0)
System memory in use before: 63.4 MB.
System memory in use after: 63.5 MB.

Unloading 4 unused Assets to reduce memory usage. Loaded Objects now: 1640.
Total: 2.304100 ms (FindLiveObjects: 0.188300 ms CreateObjectMapping: 0.034900 ms MarkObjects: 2.064500 ms  DeleteObjects: 0.015000 ms)

========================================================================
Received Import Request.
  Time since last request: 410.229721 seconds.
  path: Assets/Scripts/WoodBeam.cs
  artifactKey: Guid(e737eca8ff0a6e940963e8ade9c0ea88) Importer(815301076,1909f56bfc062723c751e8b465ee728b)
Start importing Assets/Scripts/WoodBeam.cs using Guid(e737eca8ff0a6e940963e8ade9c0ea88) Importer(815301076,1909f56bfc062723c751e8b465ee728b)  -> (artifact id: '5d92210ed664e47f653ad2dae5d324e9') in 0.007300 seconds 
========================================================================
Received Prepare
Registering precompiled user dll's ...
Registered in 0.000935 seconds.
Begin MonoManager ReloadAssembly
Native extension for WindowsStandalone target not found
Native extension for WebGL target not found
Refreshing native plugins compatible for Editor in 0.25 ms, found 0 plugins.
Preloading 0 native plugins for Editor in 0.00 ms.
Mono: successfully reloaded assembly
- Completed reload, in  0.986 seconds
>>>>>>> Stashed changes
Platform modules already initialized, skipping
Refreshing native plugins compatible for Editor in 0.16 ms, found 0 plugins.
Preloading 0 native plugins for Editor in 0.00 ms.
<<<<<<< Updated upstream
Unloading 1121 Unused Serialized files (Serialized files now loaded: 0)
System memory in use before: 58.2 MB.
System memory in use after: 58.3 MB.

Unloading 4 unused Assets to reduce memory usage. Loaded Objects now: 1627.
Total: 1.361100 ms (FindLiveObjects: 0.078500 ms CreateObjectMapping: 0.025600 ms MarkObjects: 1.246900 ms  DeleteObjects: 0.009300 ms)
=======
Unloading 1122 Unused Serialized files (Serialized files now loaded: 0)
System memory in use before: 63.4 MB.
System memory in use after: 63.5 MB.

Unloading 4 unused Assets to reduce memory usage. Loaded Objects now: 1643.
Total: 2.099500 ms (FindLiveObjects: 0.162100 ms CreateObjectMapping: 0.033600 ms MarkObjects: 1.883400 ms  DeleteObjects: 0.019200 ms)
>>>>>>> Stashed changes

========================================================================
Received Import Request.
  Time since last request: 101.930244 seconds.
  path: Assets/Scripts/BuildMenu.cs
  artifactKey: Guid(f1e79c57d7957234795e5f8905b0ecc3) Importer(815301076,1909f56bfc062723c751e8b465ee728b)
Start importing Assets/Scripts/BuildMenu.cs using Guid(f1e79c57d7957234795e5f8905b0ecc3) Importer(815301076,1909f56bfc062723c751e8b465ee728b)  -> (artifact id: 'c9189d36b3f05bd9ef7e11b227b512a4') in 0.007056 seconds 
========================================================================
Received Import Request.
  Time since last request: 7.693775 seconds.
  path: Assets/Scripts/GameMenu.cs
  artifactKey: Guid(f1e79c57d7957234795e5f8905b0ecc3) Importer(815301076,1909f56bfc062723c751e8b465ee728b)
Start importing Assets/Scripts/GameMenu.cs using Guid(f1e79c57d7957234795e5f8905b0ecc3) Importer(815301076,1909f56bfc062723c751e8b465ee728b)  -> (artifact id: '64043447575b9240bffa6e4d3eb3dfe8') in 0.010379 seconds 
========================================================================
Received Prepare
Registering precompiled user dll's ...
<<<<<<< Updated upstream
Registered in 0.000412 seconds.
Begin MonoManager ReloadAssembly
Native extension for WindowsStandalone target not found
Native extension for WebGL target not found
Refreshing native plugins compatible for Editor in 0.18 ms, found 0 plugins.
=======
Registered in 0.000822 seconds.
Begin MonoManager ReloadAssembly
Native extension for WindowsStandalone target not found
Native extension for WebGL target not found
Refreshing native plugins compatible for Editor in 0.27 ms, found 0 plugins.
Preloading 0 native plugins for Editor in 0.00 ms.
Mono: successfully reloaded assembly
- Completed reload, in  0.995 seconds
Platform modules already initialized, skipping
Refreshing native plugins compatible for Editor in 0.26 ms, found 0 plugins.
>>>>>>> Stashed changes
Preloading 0 native plugins for Editor in 0.00 ms.
Unloading 1122 Unused Serialized files (Serialized files now loaded: 0)
System memory in use before: 63.4 MB.
System memory in use after: 63.5 MB.

Unloading 4 unused Assets to reduce memory usage. Loaded Objects now: 1646.
Total: 2.380700 ms (FindLiveObjects: 0.192900 ms CreateObjectMapping: 0.045000 ms MarkObjects: 2.127700 ms  DeleteObjects: 0.013900 ms)

========================================================================
Received Prepare
Registering precompiled user dll's ...
Registered in 0.001157 seconds.
Begin MonoManager ReloadAssembly
Native extension for WindowsStandalone target not found
Native extension for WebGL target not found
Refreshing native plugins compatible for Editor in 0.25 ms, found 0 plugins.
Preloading 0 native plugins for Editor in 0.00 ms.
Mono: successfully reloaded assembly
<<<<<<< Updated upstream
- Completed reload, in  0.477 seconds
=======
- Completed reload, in  0.984 seconds
>>>>>>> Stashed changes
Platform modules already initialized, skipping
Refreshing native plugins compatible for Editor in 0.14 ms, found 0 plugins.
Preloading 0 native plugins for Editor in 0.00 ms.
<<<<<<< Updated upstream
Unloading 1121 Unused Serialized files (Serialized files now loaded: 0)
System memory in use before: 58.2 MB.
System memory in use after: 58.3 MB.

Unloading 4 unused Assets to reduce memory usage. Loaded Objects now: 1630.
Total: 1.274100 ms (FindLiveObjects: 0.089000 ms CreateObjectMapping: 0.027000 ms MarkObjects: 1.150200 ms  DeleteObjects: 0.007100 ms)
=======
Unloading 1122 Unused Serialized files (Serialized files now loaded: 0)
System memory in use before: 63.4 MB.
System memory in use after: 63.5 MB.

Unloading 4 unused Assets to reduce memory usage. Loaded Objects now: 1649.
Total: 2.123700 ms (FindLiveObjects: 0.164800 ms CreateObjectMapping: 0.039900 ms MarkObjects: 1.904800 ms  DeleteObjects: 0.013100 ms)
>>>>>>> Stashed changes

========================================================================
Received Import Request.
  Time since last request: 681.054891 seconds.
  path: Assets/Scripts/GameMenu.cs
  artifactKey: Guid(f1e79c57d7957234795e5f8905b0ecc3) Importer(815301076,1909f56bfc062723c751e8b465ee728b)
Start importing Assets/Scripts/GameMenu.cs using Guid(f1e79c57d7957234795e5f8905b0ecc3) Importer(815301076,1909f56bfc062723c751e8b465ee728b)  -> (artifact id: '74df1f81f4f6473fb814d21d8b74797d') in 0.006756 seconds 
========================================================================
Received Prepare
Registering precompiled user dll's ...
<<<<<<< Updated upstream
Registered in 0.000369 seconds.
Begin MonoManager ReloadAssembly
Native extension for WindowsStandalone target not found
Native extension for WebGL target not found
Refreshing native plugins compatible for Editor in 0.17 ms, found 0 plugins.
Preloading 0 native plugins for Editor in 0.00 ms.
Mono: successfully reloaded assembly
- Completed reload, in  0.462 seconds
Platform modules already initialized, skipping
Refreshing native plugins compatible for Editor in 0.17 ms, found 0 plugins.
Preloading 0 native plugins for Editor in 0.00 ms.
Unloading 1121 Unused Serialized files (Serialized files now loaded: 0)
System memory in use before: 58.2 MB.
System memory in use after: 58.3 MB.

Unloading 4 unused Assets to reduce memory usage. Loaded Objects now: 1633.
Total: 1.367500 ms (FindLiveObjects: 0.080400 ms CreateObjectMapping: 0.027200 ms MarkObjects: 1.252000 ms  DeleteObjects: 0.007400 ms)

========================================================================
Received Prepare
Registering precompiled user dll's ...
Registered in 0.000367 seconds.
Begin MonoManager ReloadAssembly
Native extension for WindowsStandalone target not found
Native extension for WebGL target not found
Refreshing native plugins compatible for Editor in 0.18 ms, found 0 plugins.
Preloading 0 native plugins for Editor in 0.00 ms.
Mono: successfully reloaded assembly
- Completed reload, in  0.455 seconds
Platform modules already initialized, skipping
Refreshing native plugins compatible for Editor in 0.14 ms, found 0 plugins.
Preloading 0 native plugins for Editor in 0.00 ms.
Unloading 1121 Unused Serialized files (Serialized files now loaded: 0)
System memory in use before: 58.2 MB.
System memory in use after: 58.3 MB.

Unloading 4 unused Assets to reduce memory usage. Loaded Objects now: 1636.
Total: 1.282300 ms (FindLiveObjects: 0.073500 ms CreateObjectMapping: 0.024300 ms MarkObjects: 1.177300 ms  DeleteObjects: 0.006600 ms)

========================================================================
Received Import Request.
  Time since last request: 1482.111960 seconds.
  path: Assets/Materials/Bridge Walls.mat
  artifactKey: Guid(257344d16d5a8ee4fa4066dc03ed23ce) Importer(815301076,1909f56bfc062723c751e8b465ee728b)
Start importing Assets/Materials/Bridge Walls.mat using Guid(257344d16d5a8ee4fa4066dc03ed23ce) Importer(815301076,1909f56bfc062723c751e8b465ee728b)  -> (artifact id: '6fdc92494f24ece7bc70b581f66e4c46') in 0.058838 seconds 
========================================================================
Received Import Request.
  Time since last request: 15.517240 seconds.
  path: Assets/Materials/Bridge.mat
  artifactKey: Guid(d2c35c665bb2a8b47a3c6806cada7adc) Importer(815301076,1909f56bfc062723c751e8b465ee728b)
Start importing Assets/Materials/Bridge.mat using Guid(d2c35c665bb2a8b47a3c6806cada7adc) Importer(815301076,1909f56bfc062723c751e8b465ee728b)  -> (artifact id: 'baf571c686df446a861d45f4e6a9eed7') in 0.007676 seconds 
========================================================================
Received Import Request.
  Time since last request: 114.285975 seconds.
  path: Assets/Materials/Bridge Walls.mat
  artifactKey: Guid(257344d16d5a8ee4fa4066dc03ed23ce) Importer(815301076,1909f56bfc062723c751e8b465ee728b)
Start importing Assets/Materials/Bridge Walls.mat using Guid(257344d16d5a8ee4fa4066dc03ed23ce) Importer(815301076,1909f56bfc062723c751e8b465ee728b)  -> (artifact id: '9b169c7eb9b411046e816df6a7499d3f') in 0.007491 seconds 
========================================================================
Received Import Request.
  Time since last request: 0.000109 seconds.
  path: Assets/Materials/Bridge.mat
  artifactKey: Guid(d2c35c665bb2a8b47a3c6806cada7adc) Importer(815301076,1909f56bfc062723c751e8b465ee728b)
Start importing Assets/Materials/Bridge.mat using Guid(d2c35c665bb2a8b47a3c6806cada7adc) Importer(815301076,1909f56bfc062723c751e8b465ee728b)  -> (artifact id: '46853c6f6a75d71407ee8be8fefb45fe') in 0.007609 seconds 
=======
Registered in 0.000964 seconds.
Begin MonoManager ReloadAssembly
Native extension for WindowsStandalone target not found
Native extension for WebGL target not found
Refreshing native plugins compatible for Editor in 0.28 ms, found 0 plugins.
Preloading 0 native plugins for Editor in 0.00 ms.
Mono: successfully reloaded assembly
- Completed reload, in  1.008 seconds
Platform modules already initialized, skipping
Refreshing native plugins compatible for Editor in 0.30 ms, found 0 plugins.
Preloading 0 native plugins for Editor in 0.00 ms.
Unloading 1122 Unused Serialized files (Serialized files now loaded: 0)
System memory in use before: 63.5 MB.
System memory in use after: 63.6 MB.

Unloading 4 unused Assets to reduce memory usage. Loaded Objects now: 1652.
Total: 2.516200 ms (FindLiveObjects: 0.175700 ms CreateObjectMapping: 0.033100 ms MarkObjects: 2.288900 ms  DeleteObjects: 0.016900 ms)

========================================================================
Received Import Request.
  Time since last request: 89.512232 seconds.
  path: Assets/Scenes/MenuScene.unity
  artifactKey: Guid(78f0b7a74f608034cb3e419fddc0871b) Importer(815301076,1909f56bfc062723c751e8b465ee728b)
Start importing Assets/Scenes/MenuScene.unity using Guid(78f0b7a74f608034cb3e419fddc0871b) Importer(815301076,1909f56bfc062723c751e8b465ee728b)  -> (artifact id: '499effffe9e6dccf0f7c9d69546575e9') in 0.017268 seconds 
========================================================================
Received Prepare
Registering precompiled user dll's ...
Registered in 0.000953 seconds.
Begin MonoManager ReloadAssembly
Native extension for WindowsStandalone target not found
Native extension for WebGL target not found
Refreshing native plugins compatible for Editor in 0.30 ms, found 0 plugins.
Preloading 0 native plugins for Editor in 0.00 ms.
Mono: successfully reloaded assembly
- Completed reload, in  0.996 seconds
Platform modules already initialized, skipping
Refreshing native plugins compatible for Editor in 0.26 ms, found 0 plugins.
Preloading 0 native plugins for Editor in 0.00 ms.
Unloading 1122 Unused Serialized files (Serialized files now loaded: 0)
System memory in use before: 63.5 MB.
System memory in use after: 63.6 MB.

Unloading 4 unused Assets to reduce memory usage. Loaded Objects now: 1655.
Total: 2.605400 ms (FindLiveObjects: 0.216600 ms CreateObjectMapping: 0.042500 ms MarkObjects: 2.326900 ms  DeleteObjects: 0.017300 ms)

========================================================================
Received Prepare
Registering precompiled user dll's ...
Registered in 0.001079 seconds.
Begin MonoManager ReloadAssembly
Native extension for WindowsStandalone target not found
Native extension for WebGL target not found
Refreshing native plugins compatible for Editor in 0.29 ms, found 0 plugins.
Preloading 0 native plugins for Editor in 0.00 ms.
Mono: successfully reloaded assembly
- Completed reload, in  1.015 seconds
Platform modules already initialized, skipping
Refreshing native plugins compatible for Editor in 0.26 ms, found 0 plugins.
Preloading 0 native plugins for Editor in 0.00 ms.
Unloading 1122 Unused Serialized files (Serialized files now loaded: 0)
System memory in use before: 63.5 MB.
System memory in use after: 63.6 MB.

Unloading 4 unused Assets to reduce memory usage. Loaded Objects now: 1658.
Total: 2.228700 ms (FindLiveObjects: 0.172500 ms CreateObjectMapping: 0.033200 ms MarkObjects: 2.005200 ms  DeleteObjects: 0.016600 ms)

========================================================================
Received Import Request.
  Time since last request: 116.564356 seconds.
  path: Assets/Scenes/BuildScene.unity
  artifactKey: Guid(9fc0d4010bbf28b4594072e72b8655ab) Importer(815301076,1909f56bfc062723c751e8b465ee728b)
Start importing Assets/Scenes/BuildScene.unity using Guid(9fc0d4010bbf28b4594072e72b8655ab) Importer(815301076,1909f56bfc062723c751e8b465ee728b)  -> (artifact id: '9693a583c35491b2f91e30b20403efdb') in 0.012354 seconds 
========================================================================
Received Prepare
Registering precompiled user dll's ...
Registered in 0.000926 seconds.
Begin MonoManager ReloadAssembly
Native extension for WindowsStandalone target not found
Native extension for WebGL target not found
Refreshing native plugins compatible for Editor in 0.38 ms, found 0 plugins.
Preloading 0 native plugins for Editor in 0.00 ms.
Mono: successfully reloaded assembly
- Completed reload, in  1.012 seconds
Platform modules already initialized, skipping
Refreshing native plugins compatible for Editor in 0.31 ms, found 0 plugins.
Preloading 0 native plugins for Editor in 0.00 ms.
Unloading 1122 Unused Serialized files (Serialized files now loaded: 0)
System memory in use before: 63.5 MB.
System memory in use after: 63.6 MB.

Unloading 4 unused Assets to reduce memory usage. Loaded Objects now: 1661.
Total: 2.304400 ms (FindLiveObjects: 0.225400 ms CreateObjectMapping: 0.043500 ms MarkObjects: 2.018800 ms  DeleteObjects: 0.015400 ms)

AssetImportWorkerClient::OnTransportError - code=2 error=End of file
>>>>>>> Stashed changes
